[0.007s] Invoking command in '/home/mekhy/Desktop/SkyFood-V2/skyfood_ws/build/robot_description': CMAKE_PREFIX_PATH=${CMAKE_PREFIX_PATH}:/opt/ros/humble /usr/bin/cmake --build /home/mekhy/Desktop/SkyFood-V2/skyfood_ws/build/robot_description -- -j16 -l16
[0.024s] -- Found ament_cmake: 1.3.12 (/opt/ros/humble/share/ament_cmake/cmake)
[0.103s] -- Found urdf: 2.6.1 (/opt/ros/humble/share/urdf/cmake)
[0.145s] -- Found xacro: 2.1.1 (/opt/ros/humble/share/xacro/cmake)
[0.146s] -- Found gazebo_ros_pkgs: 3.9.0 (/opt/ros/humble/share/gazebo_ros_pkgs/cmake)
[0.147s] -- Found gazebo_plugins: 3.9.0 (/opt/ros/humble/share/gazebo_plugins/cmake)
[0.181s] -- Found rosidl_generator_c: 3.1.8 (/opt/ros/humble/share/rosidl_generator_c/cmake)
[0.185s] -- Found rosidl_adapter: 3.1.8 (/opt/ros/humble/share/rosidl_adapter/cmake)
[0.193s] -- Found rosidl_generator_cpp: 3.1.8 (/opt/ros/humble/share/rosidl_generator_cpp/cmake)
[0.205s] -- Using all available rosidl_typesupport_c: rosidl_typesupport_fastrtps_c;rosidl_typesupport_introspection_c
[0.216s] -- Using all available rosidl_typesupport_cpp: rosidl_typesupport_fastrtps_cpp;rosidl_typesupport_introspection_cpp
[0.257s] -- Found rmw_implementation_cmake: 6.1.2 (/opt/ros/humble/share/rmw_implementation_cmake/cmake)
[0.260s] -- Found rmw_fastrtps_cpp: 6.2.9 (/opt/ros/humble/share/rmw_fastrtps_cpp/cmake)
[0.283s] -- Found TinyXML2 via Config file: TinyXML2_DIR-NOTFOUND
[0.335s] -- Found OpenSSL: /usr/lib/x86_64-linux-gnu/libcrypto.so (found version "3.0.2")  
[0.339s] -- Found TinyXML2 via Config file: TinyXML2_DIR-NOTFOUND
[0.354s] -- Found FastRTPS: /opt/ros/humble/include  
[0.356s] -- Found TinyXML2 via Config file: TinyXML2_DIR-NOTFOUND
[0.363s] -- Found TinyXML2 via Config file: TinyXML2_DIR-NOTFOUND
[0.373s] -- Using RMW implementation 'rmw_fastrtps_cpp' as default
[0.385s] -- Looking for pthread.h
[0.452s] -- Looking for pthread.h - found
[0.452s] -- Performing Test CMAKE_HAVE_LIBC_PTHREAD
[0.511s] -- Performing Test CMAKE_HAVE_LIBC_PTHREAD - Success
[0.511s] -- Found Threads: TRUE  
[0.563s] -- Found PkgConfig: /usr/bin/pkg-config (found version "0.29.2") 
[0.564s] -- Checking for module 'bullet>=2.82'
[0.574s] --   Found bullet, version 3.05
[0.676s] -- Found fcl: /usr/include (found suitable version "0.7.0", minimum required is "0.5.0") 
[0.730s] -- Found assimp: /usr/include (found version "5.2.0") 
[0.758s] -- Found DART: /usr/include (Required is at least version "6.6") found components: dart 
[0.786s] -- Found Boost: /usr/lib/x86_64-linux-gnu/cmake/Boost-1.74.0/BoostConfig.cmake (found suitable version "1.74.0", minimum required is "1.40.0") found components: thread system filesystem program_options regex iostreams date_time 
[0.800s] -- Found Protobuf: /usr/lib/x86_64-linux-gnu/libprotobuf.so (found version "3.12.4") 
[0.804s] -- Looking for ignition-math6 -- found version 6.15.1
[0.812s] -- Searching for dependencies of ignition-math6
[0.814s] -- Looking for OGRE...
[0.814s] -- OGRE_PREFIX_WATCH changed.
[0.819s] -- Checking for module 'OGRE'
[0.832s] --   Found OGRE, version 1.9.0
[0.869s] -- Found Ogre Ghadamon (1.9.0)
[0.875s] -- Found OGRE: optimized;/usr/lib/x86_64-linux-gnu/libOgreMain.so;debug;/usr/lib/x86_64-linux-gnu/libOgreMain.so
[0.882s] -- Looking for OGRE_Paging...
[0.885s] -- Found OGRE_Paging: optimized;/usr/lib/x86_64-linux-gnu/libOgrePaging.so;debug;/usr/lib/x86_64-linux-gnu/libOgrePaging.so
[0.885s] -- Looking for OGRE_Terrain...
[0.887s] -- Found OGRE_Terrain: optimized;/usr/lib/x86_64-linux-gnu/libOgreTerrain.so;debug;/usr/lib/x86_64-linux-gnu/libOgreTerrain.so
[0.887s] -- Looking for OGRE_Property...
[0.890s] -- Found OGRE_Property: optimized;/usr/lib/x86_64-linux-gnu/libOgreProperty.so;debug;/usr/lib/x86_64-linux-gnu/libOgreProperty.so
[0.890s] -- Looking for OGRE_RTShaderSystem...
[0.893s] -- Found OGRE_RTShaderSystem: optimized;/usr/lib/x86_64-linux-gnu/libOgreRTShaderSystem.so;debug;/usr/lib/x86_64-linux-gnu/libOgreRTShaderSystem.so
[0.893s] -- Looking for OGRE_Volume...
[0.897s] -- Found OGRE_Volume: optimized;/usr/lib/x86_64-linux-gnu/libOgreVolume.so;debug;/usr/lib/x86_64-linux-gnu/libOgreVolume.so
[0.897s] -- Looking for OGRE_Overlay...
[0.901s] -- Found OGRE_Overlay: optimized;/usr/lib/x86_64-linux-gnu/libOgreOverlay.so;debug;/usr/lib/x86_64-linux-gnu/libOgreOverlay.so
[0.958s] -- Looking for ignition-math6 -- found version 6.15.1
[0.960s] -- Looking for ignition-transport8 -- found version 8.2.1
[0.960s] -- Searching for dependencies of ignition-transport8
[0.970s] -- Found Protobuf: /usr/lib/x86_64-linux-gnu/libprotobuf.so (found suitable version "3.12.4", minimum required is "3") 
[0.976s] -- Config-file not installed for ZeroMQ -- checking for pkg-config
[0.979s] -- Checking for module 'libzmq >= 4'
[0.991s] --   Found libzmq , version 4.3.4
[1.021s] -- Found ZeroMQ: TRUE (Required is at least version "4") 
[1.027s] -- Checking for module 'uuid'
[1.040s] --   Found uuid, version 2.37.2
[1.076s] -- Found UUID: TRUE  
[1.079s] -- Looking for ignition-msgs5 -- found version 5.8.1
[1.079s] -- Searching for dependencies of ignition-msgs5
[1.093s] -- Looking for ignition-math6 -- found version 6.15.1
[1.098s] -- Checking for module 'tinyxml2'
[1.113s] --   Found tinyxml2, version 9.0.0
[1.150s] -- Looking for ignition-msgs5 -- found version 5.8.1
[1.154s] -- Looking for ignition-common3 -- found version 3.14.0
[1.154s] -- Searching for dependencies of ignition-common3
[1.155s] -- Looking for dlfcn.h - found
[1.155s] -- Looking for libdl - found
[1.157s] -- Found DL: TRUE  
[1.170s] -- Found tinyobjloader: /usr/lib/x86_64-linux-gnu/cmake/tinyobjloader/tinyobjloader-config.cmake (found version "2.0.0") 
[1.171s] -- Searching for <ignition-common3> component [graphics]
[1.173s] -- Looking for ignition-common3-graphics -- found version 3.14.0
[1.174s] -- Searching for dependencies of ignition-common3-graphics
[1.174s] -- Looking for ignition-math6 -- found version 6.15.1
[1.178s] -- Looking for ignition-fuel_tools4 -- found version 4.4.0
[1.178s] -- Searching for dependencies of ignition-fuel_tools4
[1.253s] -- Found CURL: /usr/lib/x86_64-linux-gnu/libcurl.so (found version "7.81.0")  
[1.262s] -- Checking for module 'jsoncpp'
[1.276s] --   Found jsoncpp, version 1.9.5
[1.311s] -- Found JSONCPP: TRUE  
[1.318s] -- Checking for module 'libzip'
[1.333s] --   Found libzip, version 1.7.3
[1.370s] -- Found ZIP: TRUE  
[1.370s] -- Looking for ignition-common3 -- found version 3.14.0
[1.371s] -- Looking for ignition-math6 -- found version 6.15.1
[1.371s] -- Looking for ignition-msgs5 -- found version 5.8.1
[1.376s] -- Gazebo version: 11.10
[1.376s] -- Checking for module 'tbb'
[1.390s] --   Found tbb, version 2021.5.0
[1.476s] -- Found ament_lint_auto: 0.12.14 (/opt/ros/humble/share/ament_lint_auto/cmake)
[1.521s] -- Added test 'flake8' to check Python code syntax and style conventions
[1.521s] -- Added test 'lint_cmake' to check CMake code style
[1.522s] -- Added test 'pep257' to check Python code against some of the docstring style conventions in PEP 257
[1.522s] -- Added test 'xmllint' to check XML markup files
[1.522s] -- Configuring done
[1.525s] -- Generating done
[1.527s] -- Build files have been written to: /home/mekhy/Desktop/SkyFood-V2/skyfood_ws/build/robot_description
[1.547s] Invoked command in '/home/mekhy/Desktop/SkyFood-V2/skyfood_ws/build/robot_description' returned '0': CMAKE_PREFIX_PATH=${CMAKE_PREFIX_PATH}:/opt/ros/humble /usr/bin/cmake --build /home/mekhy/Desktop/SkyFood-V2/skyfood_ws/build/robot_description -- -j16 -l16
[1.555s] Invoking command in '/home/mekhy/Desktop/SkyFood-V2/skyfood_ws/build/robot_description': CMAKE_PREFIX_PATH=${CMAKE_PREFIX_PATH}:/opt/ros/humble /usr/bin/cmake --install /home/mekhy/Desktop/SkyFood-V2/skyfood_ws/build/robot_description
[1.562s] -- Install configuration: ""
[1.562s] -- Installing: /home/mekhy/Desktop/SkyFood-V2/skyfood_ws/install/robot_description/share/robot_description//urdf
[1.562s] -- Installing: /home/mekhy/Desktop/SkyFood-V2/skyfood_ws/install/robot_description/share/robot_description//urdf/xacro_variables.xacro
[1.562s] -- Installing: /home/mekhy/Desktop/SkyFood-V2/skyfood_ws/install/robot_description/share/robot_description//urdf/inertial_macros.xacro
[1.563s] -- Installing: /home/mekhy/Desktop/SkyFood-V2/skyfood_ws/install/robot_description/share/robot_description//urdf/robot_base.gazebo
[1.563s] -- Installing: /home/mekhy/Desktop/SkyFood-V2/skyfood_ws/install/robot_description/share/robot_description//urdf/materials.xacro
[1.563s] -- Installing: /home/mekhy/Desktop/SkyFood-V2/skyfood_ws/install/robot_description/share/robot_description//urdf/caster_ball.xacro
[1.563s] -- Installing: /home/mekhy/Desktop/SkyFood-V2/skyfood_ws/install/robot_description/share/robot_description//urdf/sensors.xacro
[1.563s] -- Installing: /home/mekhy/Desktop/SkyFood-V2/skyfood_ws/install/robot_description/share/robot_description//urdf/robot_base.xacro
[1.563s] -- Installing: /home/mekhy/Desktop/SkyFood-V2/skyfood_ws/install/robot_description/share/robot_description//urdf/wheels.xacro
[1.563s] -- Up-to-date: /home/mekhy/Desktop/SkyFood-V2/skyfood_ws/install/robot_description/share/robot_description//launch
[1.563s] -- Installing: /home/mekhy/Desktop/SkyFood-V2/skyfood_ws/install/robot_description/share/robot_description//launch/robot_description.launch.py
[1.563s] -- Installing: /home/mekhy/Desktop/SkyFood-V2/skyfood_ws/install/robot_description/share/robot_description//launch/gazebo.launch.py
[1.563s] -- Installing: /home/mekhy/Desktop/SkyFood-V2/skyfood_ws/install/robot_description/share/robot_description//rviz
[1.563s] -- Installing: /home/mekhy/Desktop/SkyFood-V2/skyfood_ws/install/robot_description/share/robot_description//rviz/robot_vis.rviz
[1.563s] -- Up-to-date: /home/mekhy/Desktop/SkyFood-V2/skyfood_ws/install/robot_description/share/robot_description//world
[1.563s] -- Installing: /home/mekhy/Desktop/SkyFood-V2/skyfood_ws/install/robot_description/share/ament_index/resource_index/package_run_dependencies/robot_description
[1.563s] -- Installing: /home/mekhy/Desktop/SkyFood-V2/skyfood_ws/install/robot_description/share/ament_index/resource_index/parent_prefix_path/robot_description
[1.564s] -- Up-to-date: /home/mekhy/Desktop/SkyFood-V2/skyfood_ws/install/robot_description/share/robot_description/environment/ament_prefix_path.sh
[1.564s] -- Installing: /home/mekhy/Desktop/SkyFood-V2/skyfood_ws/install/robot_description/share/robot_description/environment/ament_prefix_path.dsv
[1.564s] -- Up-to-date: /home/mekhy/Desktop/SkyFood-V2/skyfood_ws/install/robot_description/share/robot_description/environment/path.sh
[1.564s] -- Installing: /home/mekhy/Desktop/SkyFood-V2/skyfood_ws/install/robot_description/share/robot_description/environment/path.dsv
[1.564s] -- Up-to-date: /home/mekhy/Desktop/SkyFood-V2/skyfood_ws/install/robot_description/share/robot_description/local_setup.bash
[1.564s] -- Up-to-date: /home/mekhy/Desktop/SkyFood-V2/skyfood_ws/install/robot_description/share/robot_description/local_setup.sh
[1.564s] -- Up-to-date: /home/mekhy/Desktop/SkyFood-V2/skyfood_ws/install/robot_description/share/robot_description/local_setup.zsh
[1.564s] -- Installing: /home/mekhy/Desktop/SkyFood-V2/skyfood_ws/install/robot_description/share/robot_description/local_setup.dsv
[1.564s] -- Installing: /home/mekhy/Desktop/SkyFood-V2/skyfood_ws/install/robot_description/share/robot_description/package.dsv
[1.564s] -- Up-to-date: /home/mekhy/Desktop/SkyFood-V2/skyfood_ws/install/robot_description/share/ament_index/resource_index/packages/robot_description
[1.564s] -- Up-to-date: /home/mekhy/Desktop/SkyFood-V2/skyfood_ws/install/robot_description/share/robot_description/cmake/robot_descriptionConfig.cmake
[1.564s] -- Up-to-date: /home/mekhy/Desktop/SkyFood-V2/skyfood_ws/install/robot_description/share/robot_description/cmake/robot_descriptionConfig-version.cmake
[1.564s] -- Installing: /home/mekhy/Desktop/SkyFood-V2/skyfood_ws/install/robot_description/share/robot_description/package.xml
[1.565s] Invoked command in '/home/mekhy/Desktop/SkyFood-V2/skyfood_ws/build/robot_description' returned '0': CMAKE_PREFIX_PATH=${CMAKE_PREFIX_PATH}:/opt/ros/humble /usr/bin/cmake --install /home/mekhy/Desktop/SkyFood-V2/skyfood_ws/build/robot_description
