-- Install configuration: ""
-- Installing: /home/mekhy/Desktop/SkyFood-V2/install/robot_description/share/robot_description//urdf
-- Installing: /home/mekhy/Desktop/SkyFood-V2/install/robot_description/share/robot_description//urdf/xacro_variables.xacro
-- Installing: /home/mekhy/Desktop/SkyFood-V2/install/robot_description/share/robot_description//urdf/inertial_macros.xacro
-- Installing: /home/mekhy/Desktop/SkyFood-V2/install/robot_description/share/robot_description//urdf/robot_base.gazebo
-- Installing: /home/mekhy/Desktop/SkyFood-V2/install/robot_description/share/robot_description//urdf/materials.xacro
-- Installing: /home/mekhy/Desktop/SkyFood-V2/install/robot_description/share/robot_description//urdf/caster_ball.xacro
-- Installing: /home/mekhy/Desktop/SkyFood-V2/install/robot_description/share/robot_description//urdf/sensors.xacro
-- Installing: /home/mekhy/Desktop/SkyFood-V2/install/robot_description/share/robot_description//urdf/robot_base.xacro
-- Installing: /home/mekhy/Desktop/SkyFood-V2/install/robot_description/share/robot_description//urdf/wheels.xacro
-- Installing: /home/mekhy/Desktop/SkyFood-V2/install/robot_description/share/robot_description//launch
-- Installing: /home/mekhy/Desktop/SkyFood-V2/install/robot_description/share/robot_description//launch/robot_description.launch.py
-- Installing: /home/mekhy/Desktop/SkyFood-V2/install/robot_description/share/robot_description//launch/transforms.launch.py
-- Installing: /home/mekhy/Desktop/SkyFood-V2/install/robot_description/share/robot_description//launch/gazebo.launch.py
-- Installing: /home/mekhy/Desktop/SkyFood-V2/install/robot_description/share/robot_description//rviz
-- Installing: /home/mekhy/Desktop/SkyFood-V2/install/robot_description/share/robot_description//rviz/robot_vis.rviz
-- Installing: /home/mekhy/Desktop/SkyFood-V2/install/robot_description/share/robot_description//world
-- Installing: /home/mekhy/Desktop/SkyFood-V2/install/robot_description/share/ament_index/resource_index/package_run_dependencies/robot_description
-- Installing: /home/mekhy/Desktop/SkyFood-V2/install/robot_description/share/ament_index/resource_index/parent_prefix_path/robot_description
-- Installing: /home/mekhy/Desktop/SkyFood-V2/install/robot_description/share/robot_description/environment/ament_prefix_path.sh
-- Installing: /home/mekhy/Desktop/SkyFood-V2/install/robot_description/share/robot_description/environment/ament_prefix_path.dsv
-- Installing: /home/mekhy/Desktop/SkyFood-V2/install/robot_description/share/robot_description/environment/path.sh
-- Installing: /home/mekhy/Desktop/SkyFood-V2/install/robot_description/share/robot_description/environment/path.dsv
-- Installing: /home/mekhy/Desktop/SkyFood-V2/install/robot_description/share/robot_description/local_setup.bash
-- Installing: /home/mekhy/Desktop/SkyFood-V2/install/robot_description/share/robot_description/local_setup.sh
-- Installing: /home/mekhy/Desktop/SkyFood-V2/install/robot_description/share/robot_description/local_setup.zsh
-- Installing: /home/mekhy/Desktop/SkyFood-V2/install/robot_description/share/robot_description/local_setup.dsv
-- Installing: /home/mekhy/Desktop/SkyFood-V2/install/robot_description/share/robot_description/package.dsv
-- Installing: /home/mekhy/Desktop/SkyFood-V2/install/robot_description/share/ament_index/resource_index/packages/robot_description
-- Installing: /home/mekhy/Desktop/SkyFood-V2/install/robot_description/share/robot_description/cmake/robot_descriptionConfig.cmake
-- Installing: /home/mekhy/Desktop/SkyFood-V2/install/robot_description/share/robot_description/cmake/robot_descriptionConfig-version.cmake
-- Installing: /home/mekhy/Desktop/SkyFood-V2/install/robot_description/share/robot_description/package.xml
