[0.005s] Invoking command in '/home/mekhy/Desktop/SkyFood-V2/skyfood_ws/build/robot_description': CMAKE_PREFIX_PATH=/opt/ros/humble /usr/bin/cmake /home/mekhy/Desktop/SkyFood-V2/skyfood_ws/src/robot_description -DCMAKE_INSTALL_PREFIX=/home/mekhy/Desktop/SkyFood-V2/skyfood_ws/install/robot_description
[0.121s] -- The C compiler identification is GNU 11.4.0
[0.216s] -- The CXX compiler identification is GNU 11.4.0
[0.224s] -- Detecting C compiler ABI info
[0.284s] -- Detecting C compiler ABI info - done
[0.290s] -- Check for working C compiler: /usr/bin/cc - skipped
[0.290s] -- Detecting C compile features
[0.291s] -- Detecting C compile features - done
[0.294s] -- Detecting CXX compiler ABI info
[0.359s] -- Detecting CXX compiler ABI info - done
[0.364s] -- Check for working CXX compiler: /usr/bin/c++ - skipped
[0.365s] -- Detecting CXX compile features
[0.365s] -- Detecting CXX compile features - done
[0.371s] -- Found ament_cmake: 1.3.12 (/opt/ros/humble/share/ament_cmake/cmake)
[0.478s] -- Found Python3: /usr/bin/python3 (found version "3.10.12") found components: Interpreter 
[0.548s] -- Found ament_lint_auto: 0.12.14 (/opt/ros/humble/share/ament_lint_auto/cmake)
[0.600s] -- Added test 'flake8' to check Python code syntax and style conventions
[0.601s] -- Added test 'lint_cmake' to check CMake code style
[0.601s] -- Added test 'pep257' to check Python code against some of the docstring style conventions in PEP 257
[0.602s] -- Added test 'xmllint' to check XML markup files
[0.603s] -- Configuring done
[0.604s] -- Generating done
[0.605s] -- Build files have been written to: /home/mekhy/Desktop/SkyFood-V2/skyfood_ws/build/robot_description
[0.608s] Invoked command in '/home/mekhy/Desktop/SkyFood-V2/skyfood_ws/build/robot_description' returned '0': CMAKE_PREFIX_PATH=/opt/ros/humble /usr/bin/cmake /home/mekhy/Desktop/SkyFood-V2/skyfood_ws/src/robot_description -DCMAKE_INSTALL_PREFIX=/home/mekhy/Desktop/SkyFood-V2/skyfood_ws/install/robot_description
[0.609s] Invoking command in '/home/mekhy/Desktop/SkyFood-V2/skyfood_ws/build/robot_description': CMAKE_PREFIX_PATH=/opt/ros/humble /usr/bin/cmake --build /home/mekhy/Desktop/SkyFood-V2/skyfood_ws/build/robot_description -- -j16 -l16
[0.639s] Invoked command in '/home/mekhy/Desktop/SkyFood-V2/skyfood_ws/build/robot_description' returned '0': CMAKE_PREFIX_PATH=/opt/ros/humble /usr/bin/cmake --build /home/mekhy/Desktop/SkyFood-V2/skyfood_ws/build/robot_description -- -j16 -l16
[0.649s] Invoking command in '/home/mekhy/Desktop/SkyFood-V2/skyfood_ws/build/robot_description': CMAKE_PREFIX_PATH=/opt/ros/humble /usr/bin/cmake --install /home/mekhy/Desktop/SkyFood-V2/skyfood_ws/build/robot_description
[0.655s] -- Install configuration: ""
[0.655s] -- Installing: /home/mekhy/Desktop/SkyFood-V2/skyfood_ws/install/robot_description/share/robot_description//launch
[0.655s] -- Installing: /home/mekhy/Desktop/SkyFood-V2/skyfood_ws/install/robot_description/share/robot_description//launch/gazebo.launch.py
[0.655s] -- Installing: /home/mekhy/Desktop/SkyFood-V2/skyfood_ws/install/robot_description/share/robot_description//world
[0.655s] -- Installing: /home/mekhy/Desktop/SkyFood-V2/skyfood_ws/install/robot_description/share/ament_index/resource_index/package_run_dependencies/robot_description
[0.655s] -- Installing: /home/mekhy/Desktop/SkyFood-V2/skyfood_ws/install/robot_description/share/ament_index/resource_index/parent_prefix_path/robot_description
[0.655s] -- Installing: /home/mekhy/Desktop/SkyFood-V2/skyfood_ws/install/robot_description/share/robot_description/environment/ament_prefix_path.sh
[0.655s] -- Installing: /home/mekhy/Desktop/SkyFood-V2/skyfood_ws/install/robot_description/share/robot_description/environment/ament_prefix_path.dsv
[0.655s] -- Installing: /home/mekhy/Desktop/SkyFood-V2/skyfood_ws/install/robot_description/share/robot_description/environment/path.sh
[0.656s] -- Installing: /home/mekhy/Desktop/SkyFood-V2/skyfood_ws/install/robot_description/share/robot_description/environment/path.dsv
[0.656s] -- Installing: /home/mekhy/Desktop/SkyFood-V2/skyfood_ws/install/robot_description/share/robot_description/local_setup.bash
[0.656s] -- Installing: /home/mekhy/Desktop/SkyFood-V2/skyfood_ws/install/robot_description/share/robot_description/local_setup.sh
[0.656s] -- Installing: /home/mekhy/Desktop/SkyFood-V2/skyfood_ws/install/robot_description/share/robot_description/local_setup.zsh
[0.656s] -- Installing: /home/mekhy/Desktop/SkyFood-V2/skyfood_ws/install/robot_description/share/robot_description/local_setup.dsv
[0.656s] -- Installing: /home/mekhy/Desktop/SkyFood-V2/skyfood_ws/install/robot_description/share/robot_description/package.dsv
[0.656s] -- Installing: /home/mekhy/Desktop/SkyFood-V2/skyfood_ws/install/robot_description/share/ament_index/resource_index/packages/robot_description
[0.656s] -- Installing: /home/mekhy/Desktop/SkyFood-V2/skyfood_ws/install/robot_description/share/robot_description/cmake/robot_descriptionConfig.cmake
[0.656s] -- Installing: /home/mekhy/Desktop/SkyFood-V2/skyfood_ws/install/robot_description/share/robot_description/cmake/robot_descriptionConfig-version.cmake
[0.656s] -- Installing: /home/mekhy/Desktop/SkyFood-V2/skyfood_ws/install/robot_description/share/robot_description/package.xml
[0.658s] Invoked command in '/home/mekhy/Desktop/SkyFood-V2/skyfood_ws/build/robot_description' returned '0': CMAKE_PREFIX_PATH=/opt/ros/humble /usr/bin/cmake --install /home/mekhy/Desktop/SkyFood-V2/skyfood_ws/build/robot_description
